<?xml version="1.0" encoding="UTF-8"?>
<!-- Generated by org.testng.reporters.JUnitXMLReporter -->
<testsuite ignored="3" hostname="EG5CG8352J1L" failures="0" tests="1" name="Test" time="54.05" errors="0" timestamp="21 Apr 2021 14:11:56 GMT">
  <testcase classname="tests.TestSuite" name="testDeleteBooking" time="46.185"/>
  <testcase classname="tests.TestSuite" name="testUserSignUp" time="0.0">
    <ignored/>
  </testcase> <!-- testUserSignUp -->
  <testcase classname="tests.TestSuite" name="testUserLogin" time="0.0">
    <ignored/>
  </testcase> <!-- testUserLogin -->
  <testcase classname="tests.TestSuite" name="testCreateBooking" time="0.0">
    <ignored/>
  </testcase> <!-- testCreateBooking -->
</testsuite> <!-- Test -->
